<?xml version="1.0" encoding="utf-8"?><testsuites name="pytest tests"><testsuite name="pytest" errors="0" failures="0" skipped="0" tests="26" time="3.439" timestamp="2026-06-15T20:13:54.422003+00:00" hostname="agent-env-a413cc4a-0daf-47ed-8f9a-182cdf526377"><testcase classname="backend.tests.test_admin_api.TestAdminAuth" name="test_login_wrong_password" time="0.261" /><testcase classname="backend.tests.test_admin_api.TestAdminAuth" name="test_login_correct_password" time="0.054" /><testcase classname="backend.tests.test_admin_api.TestProtectedEndpointsRequireAuth" name="test_unauthorized_returns_401[GET-/api/admin/settings-None]" time="0.045" /><testcase classname="backend.tests.test_admin_api.TestProtectedEndpointsRequireAuth" name="test_unauthorized_returns_401[GET-/api/admin/leads-None]" time="0.047" /><testcase classname="backend.tests.test_admin_api.TestProtectedEndpointsRequireAuth" name="test_unauthorized_returns_401[PUT-/api/admin/settings-body2]" time="0.049" /><testcase classname="backend.tests.test_admin_api.TestProtectedEndpointsRequireAuth" name="test_unauthorized_returns_401[PATCH-/api/admin/leads/fake-id-body3]" time="0.058" /><testcase classname="backend.tests.test_admin_api.TestProtectedEndpointsRequireAuth" name="test_unauthorized_returns_401[DELETE-/api/admin/leads/fake-id-None]" time="0.048" /><testcase classname="backend.tests.test_admin_api.TestProtectedEndpointsRequireAuth" name="test_unauthorized_returns_401[POST-/api/admin/test-email-None]" time="0.052" /><testcase classname="backend.tests.test_admin_api.TestProtectedEndpointsRequireAuth" name="test_get_admin_settings_with_token" time="0.107" /><testcase classname="backend.tests.test_admin_api.TestProtectedEndpointsRequireAuth" name="test_get_admin_leads_with_token" time="0.049" /><testcase classname="backend.tests.test_admin_api.TestLeadCreation" name="test_create_lead_minimal" time="0.050" /><testcase classname="backend.tests.test_admin_api.TestLeadCreation" name="test_create_lead_with_other_fields_and_persistence" time="0.095" /><testcase classname="backend.tests.test_admin_api.TestSettings" name="test_public_settings_returns_has_resend_flag" time="0.048" /><testcase classname="backend.tests.test_admin_api.TestSettings" name="test_put_admin_settings_then_public_reflects" time="0.163" /><testcase classname="backend.tests.test_admin_api.TestSettings" name="test_put_admin_settings_ignores_unknown_keys" time="0.045" /><testcase classname="backend.tests.test_admin_api.TestSettings" name="test_public_settings_excludes_sensitive" time="0.054" /><testcase classname="backend.tests.test_admin_api.TestAdminPasswordOverride" name="test_change_password_login_then_restore" time="0.224" /><testcase classname="backend.tests.test_admin_api.TestLeadAdminOps" name="test_patch_and_delete_lead" time="0.236" /><testcase classname="backend.tests.test_admin_api.TestLeadAdminOps" name="test_patch_nonexistent_returns_404" time="0.050" /><testcase classname="backend.tests.test_admin_api.TestTestEmailErrorPaths" name="test_no_resend_api_key" time="0.320" /><testcase classname="backend.tests.test_admin_api.TestTestEmailErrorPaths" name="test_no_admin_notify_email" time="0.088" /><testcase classname="backend.tests.test_admin_api.TestTestEmailErrorPaths" name="test_invalid_resend_key_returns_500" time="0.481" /><testcase classname="backend.tests.test_admin_api.TestLeadCreationResilientToResend" name="test_lead_create_no_resend_configured" time="0.094" /><testcase classname="backend.tests.test_admin_api.TestLeadCreationResilientToResend" name="test_lead_create_with_invalid_resend" time="0.538" /><testcase classname="backend.tests.test_admin_api.TestZ_Cleanup" name="test_revert_qa_settings" time="0.045" /><testcase classname="backend.tests.test_admin_api.TestZ_Cleanup" name="test_confirm_default_password_works" time="0.043" /></testsuite></testsuites>