<?xml version="1.0" encoding="utf-8"?><testsuites name="pytest tests"><testsuite name="pytest" errors="0" failures="1" skipped="0" tests="45" time="4.993" timestamp="2026-06-25T07:51:56.602792+00:00" hostname="agent-env-a413cc4a-0daf-47ed-8f9a-182cdf526377"><testcase classname="tests.test_admin_api.TestAdminAuth" name="test_login_wrong_password" time="0.195" /><testcase classname="tests.test_admin_api.TestAdminAuth" name="test_login_correct_password" time="0.040" /><testcase classname="tests.test_admin_api.TestProtectedEndpointsRequireAuth" name="test_unauthorized_returns_401[GET-/api/admin/settings-None]" time="0.077" /><testcase classname="tests.test_admin_api.TestProtectedEndpointsRequireAuth" name="test_unauthorized_returns_401[GET-/api/admin/leads-None]" time="0.041" /><testcase classname="tests.test_admin_api.TestProtectedEndpointsRequireAuth" name="test_unauthorized_returns_401[PUT-/api/admin/settings-body2]" time="0.077" /><testcase classname="tests.test_admin_api.TestProtectedEndpointsRequireAuth" name="test_unauthorized_returns_401[PATCH-/api/admin/leads/fake-id-body3]" time="0.040" /><testcase classname="tests.test_admin_api.TestProtectedEndpointsRequireAuth" name="test_unauthorized_returns_401[DELETE-/api/admin/leads/fake-id-None]" time="0.037" /><testcase classname="tests.test_admin_api.TestProtectedEndpointsRequireAuth" name="test_unauthorized_returns_401[POST-/api/admin/test-email-None]" time="0.039" /><testcase classname="tests.test_admin_api.TestProtectedEndpointsRequireAuth" name="test_get_admin_settings_with_token" time="0.122" /><testcase classname="tests.test_admin_api.TestProtectedEndpointsRequireAuth" name="test_get_admin_leads_with_token" time="0.040" /><testcase classname="tests.test_admin_api.TestLeadCreation" name="test_create_lead_minimal" time="0.084" /><testcase classname="tests.test_admin_api.TestLeadCreation" name="test_create_lead_with_other_fields_and_persistence" time="0.118" /><testcase classname="tests.test_admin_api.TestSettings" name="test_public_settings_returns_has_resend_flag" time="0.067" /><testcase classname="tests.test_admin_api.TestSettings" name="test_put_admin_settings_then_public_reflects" time="0.208" /><testcase classname="tests.test_admin_api.TestSettings" name="test_put_admin_settings_ignores_unknown_keys" time="0.037" /><testcase classname="tests.test_admin_api.TestSettings" name="test_public_settings_excludes_sensitive" time="0.042" /><testcase classname="tests.test_admin_api.TestAdminPasswordOverride" name="test_change_password_login_then_restore" time="0.228" /><testcase classname="tests.test_admin_api.TestLeadAdminOps" name="test_patch_and_delete_lead" time="0.273" /><testcase classname="tests.test_admin_api.TestLeadAdminOps" name="test_patch_nonexistent_returns_404" time="0.080" /><testcase classname="tests.test_admin_api.TestTestEmailErrorPaths" name="test_no_resend_api_key" time="0.158" /><testcase classname="tests.test_admin_api.TestTestEmailErrorPaths" name="test_no_admin_notify_email" time="0.117" /><testcase classname="tests.test_admin_api.TestTestEmailErrorPaths" name="test_invalid_resend_key_returns_500" time="0.321" /><testcase classname="tests.test_admin_api.TestLeadCreationResilientToResend" name="test_lead_create_no_resend_configured" time="0.118" /><testcase classname="tests.test_admin_api.TestLeadCreationResilientToResend" name="test_lead_create_with_invalid_resend" time="0.501" /><testcase classname="tests.test_admin_api.TestProjectsCRUD" name="test_create_requires_auth" time="0.038" /><testcase classname="tests.test_admin_api.TestProjectsCRUD" name="test_list_admin_requires_auth" time="0.035" /><testcase classname="tests.test_admin_api.TestProjectsCRUD" name="test_update_requires_auth" time="0.078" /><testcase classname="tests.test_admin_api.TestProjectsCRUD" name="test_delete_requires_auth" time="0.078" /><testcase classname="tests.test_admin_api.TestProjectsCRUD" name="test_create_project_full_payload" time="0.080" /><testcase classname="tests.test_admin_api.TestProjectsCRUD" name="test_slug_autogen_special_chars" time="0.037"><failure message="AssertionError: Got slug='hello-world'&#10;assert 'hello-world' == 'hello-world-'&#10;  &#10;  - hello-world-&#10;  ?            -&#10;  + hello-world">tests/test_admin_api.py:377: in test_slug_autogen_special_chars
    assert data["slug"] == "hello-world-", f"Got slug={data['slug']!r}"
E   AssertionError: Got slug='hello-world'
E   assert 'hello-world' == 'hello-world-'
E     
E     - hello-world-
E     ?            -
E     + hello-world</failure></testcase><testcase classname="tests.test_admin_api.TestProjectsCRUD" name="test_slug_explicit_preserved" time="0.076" /><testcase classname="tests.test_admin_api.TestProjectsCRUD" name="test_admin_list_includes_created" time="0.037" /><testcase classname="tests.test_admin_api.TestProjectsCRUD" name="test_public_list_published_only" time="0.191" /><testcase classname="tests.test_admin_api.TestProjectsCRUD" name="test_update_project_persists" time="0.115" /><testcase classname="tests.test_admin_api.TestProjectsCRUD" name="test_public_ordering_featured_first" time="0.152" /><testcase classname="tests.test_admin_api.TestProjectsCRUD" name="test_delete_project" time="0.159" /><testcase classname="tests.test_admin_api.TestCategories" name="test_public_categories_includes_9_defaults" time="0.037" /><testcase classname="tests.test_admin_api.TestCategories" name="test_admin_categories_requires_auth" time="0.168" /><testcase classname="tests.test_admin_api.TestCategories" name="test_add_custom_category" time="0.153" /><testcase classname="tests.test_admin_api.TestCategories" name="test_duplicate_label_400" time="0.039" /><testcase classname="tests.test_admin_api.TestCategories" name="test_duplicate_default_label_400" time="0.039" /><testcase classname="tests.test_admin_api.TestCategories" name="test_delete_default_is_noop" time="0.116" /><testcase classname="tests.test_admin_api.TestCategories" name="test_delete_custom_category" time="0.114" /><testcase classname="tests.test_admin_api.TestZ_Cleanup" name="test_revert_qa_settings" time="0.039" /><testcase classname="tests.test_admin_api.TestZ_Cleanup" name="test_confirm_default_password_works" time="0.040" /></testsuite></testsuites>