<?xml version="1.0" encoding="utf-8"?><testsuites name="pytest tests"><testsuite name="pytest" errors="0" failures="0" skipped="0" tests="58" time="5.304" timestamp="2026-07-01T12:14:57.230683+00:00" hostname="agent-env-a413cc4a-0daf-47ed-8f9a-182cdf526377"><testcase classname="backend.tests.test_admin_api.TestAdminAuth" name="test_login_wrong_password" time="0.202" /><testcase classname="backend.tests.test_admin_api.TestAdminAuth" name="test_login_correct_password" time="0.048" /><testcase classname="backend.tests.test_admin_api.TestProtectedEndpointsRequireAuth" name="test_unauthorized_returns_401[GET-/api/admin/settings-None]" time="0.051" /><testcase classname="backend.tests.test_admin_api.TestProtectedEndpointsRequireAuth" name="test_unauthorized_returns_401[GET-/api/admin/leads-None]" time="0.040" /><testcase classname="backend.tests.test_admin_api.TestProtectedEndpointsRequireAuth" name="test_unauthorized_returns_401[PUT-/api/admin/settings-body2]" time="0.082" /><testcase classname="backend.tests.test_admin_api.TestProtectedEndpointsRequireAuth" name="test_unauthorized_returns_401[PATCH-/api/admin/leads/fake-id-body3]" time="0.041" /><testcase classname="backend.tests.test_admin_api.TestProtectedEndpointsRequireAuth" name="test_unauthorized_returns_401[DELETE-/api/admin/leads/fake-id-None]" time="0.043" /><testcase classname="backend.tests.test_admin_api.TestProtectedEndpointsRequireAuth" name="test_unauthorized_returns_401[POST-/api/admin/test-email-None]" time="0.041" /><testcase classname="backend.tests.test_admin_api.TestProtectedEndpointsRequireAuth" name="test_get_admin_settings_with_token" time="0.094" /><testcase classname="backend.tests.test_admin_api.TestProtectedEndpointsRequireAuth" name="test_get_admin_leads_with_token" time="0.041" /><testcase classname="backend.tests.test_admin_api.TestLeadCreation" name="test_create_lead_minimal" time="0.083" /><testcase classname="backend.tests.test_admin_api.TestLeadCreation" name="test_create_lead_with_other_fields_and_persistence" time="0.088" /><testcase classname="backend.tests.test_admin_api.TestSettings" name="test_public_settings_returns_has_resend_flag" time="0.060" /><testcase classname="backend.tests.test_admin_api.TestSettings" name="test_put_admin_settings_then_public_reflects" time="0.144" /><testcase classname="backend.tests.test_admin_api.TestSettings" name="test_put_admin_settings_ignores_unknown_keys" time="0.043" /><testcase classname="backend.tests.test_admin_api.TestSettings" name="test_public_settings_excludes_sensitive" time="0.047" /><testcase classname="backend.tests.test_admin_api.TestAdminPasswordOverride" name="test_change_password_login_then_restore" time="0.225" /><testcase classname="backend.tests.test_admin_api.TestLeadAdminOps" name="test_patch_and_delete_lead" time="0.208" /><testcase classname="backend.tests.test_admin_api.TestLeadAdminOps" name="test_patch_nonexistent_returns_404" time="0.046" /><testcase classname="backend.tests.test_admin_api.TestTestEmailErrorPaths" name="test_no_resend_api_key" time="0.089" /><testcase classname="backend.tests.test_admin_api.TestTestEmailErrorPaths" name="test_no_admin_notify_email" time="0.090" /><testcase classname="backend.tests.test_admin_api.TestTestEmailErrorPaths" name="test_invalid_resend_key_returns_500" time="0.288" /><testcase classname="backend.tests.test_admin_api.TestLeadCreationResilientToResend" name="test_lead_create_no_resend_configured" time="0.090" /><testcase classname="backend.tests.test_admin_api.TestLeadCreationResilientToResend" name="test_lead_create_with_invalid_resend" time="0.577" /><testcase classname="backend.tests.test_admin_api.TestProjectsCRUD" name="test_create_requires_auth" time="0.046" /><testcase classname="backend.tests.test_admin_api.TestProjectsCRUD" name="test_list_admin_requires_auth" time="0.049" /><testcase classname="backend.tests.test_admin_api.TestProjectsCRUD" name="test_update_requires_auth" time="0.044" /><testcase classname="backend.tests.test_admin_api.TestProjectsCRUD" name="test_delete_requires_auth" time="0.047" /><testcase classname="backend.tests.test_admin_api.TestProjectsCRUD" name="test_create_project_full_payload" time="0.048" /><testcase classname="backend.tests.test_admin_api.TestProjectsCRUD" name="test_slug_autogen_special_chars" time="0.086" /><testcase classname="backend.tests.test_admin_api.TestProjectsCRUD" name="test_slug_explicit_preserved" time="0.088" /><testcase classname="backend.tests.test_admin_api.TestProjectsCRUD" name="test_admin_list_includes_created" time="0.043" /><testcase classname="backend.tests.test_admin_api.TestProjectsCRUD" name="test_public_list_published_only" time="0.180" /><testcase classname="backend.tests.test_admin_api.TestProjectsCRUD" name="test_update_project_persists" time="0.091" /><testcase classname="backend.tests.test_admin_api.TestProjectsCRUD" name="test_public_ordering_featured_first" time="0.131" /><testcase classname="backend.tests.test_admin_api.TestProjectsCRUD" name="test_delete_project" time="0.085" /><testcase classname="backend.tests.test_admin_api.TestCategories" name="test_public_categories_includes_9_defaults" time="0.047" /><testcase classname="backend.tests.test_admin_api.TestCategories" name="test_admin_categories_requires_auth" time="0.135" /><testcase classname="backend.tests.test_admin_api.TestCategories" name="test_add_custom_category" time="0.137" /><testcase classname="backend.tests.test_admin_api.TestCategories" name="test_duplicate_label_400" time="0.083" /><testcase classname="backend.tests.test_admin_api.TestCategories" name="test_duplicate_default_label_400" time="0.044" /><testcase classname="backend.tests.test_admin_api.TestCategories" name="test_delete_default_is_noop" time="0.086" /><testcase classname="backend.tests.test_admin_api.TestCategories" name="test_delete_custom_category" time="0.125" /><testcase classname="backend.tests.test_admin_api.TestExamplesSeed" name="test_public_examples_returns_seeded_24" time="0.053" /><testcase classname="backend.tests.test_admin_api.TestExamplesSeed" name="test_public_examples_no_auth_required" time="0.047" /><testcase classname="backend.tests.test_admin_api.TestExamplesAuth" name="test_admin_examples_require_auth[GET-/api/admin/examples-None]" time="0.040" /><testcase classname="backend.tests.test_admin_api.TestExamplesAuth" name="test_admin_examples_require_auth[POST-/api/admin/examples-body1]" time="0.042" /><testcase classname="backend.tests.test_admin_api.TestExamplesAuth" name="test_admin_examples_require_auth[PUT-/api/admin/examples/fake-body2]" time="0.042" /><testcase classname="backend.tests.test_admin_api.TestExamplesAuth" name="test_admin_examples_require_auth[DELETE-/api/admin/examples/fake-None]" time="0.044" /><testcase classname="backend.tests.test_admin_api.TestExamplesCRUD" name="test_create_example_full_payload" time="0.045" /><testcase classname="backend.tests.test_admin_api.TestExamplesCRUD" name="test_admin_list_includes_created" time="0.053" /><testcase classname="backend.tests.test_admin_api.TestExamplesCRUD" name="test_public_list_includes_when_published" time="0.060" /><testcase classname="backend.tests.test_admin_api.TestExamplesCRUD" name="test_update_example_persists" time="0.106" /><testcase classname="backend.tests.test_admin_api.TestExamplesCRUD" name="test_toggle_published_off_hides_from_public" time="0.090" /><testcase classname="backend.tests.test_admin_api.TestExamplesCRUD" name="test_update_nonexistent_returns_404" time="0.045" /><testcase classname="backend.tests.test_admin_api.TestExamplesCRUD" name="test_delete_example" time="0.093" /><testcase classname="backend.tests.test_admin_api.TestZ_Cleanup" name="test_revert_qa_settings" time="0.056" /><testcase classname="backend.tests.test_admin_api.TestZ_Cleanup" name="test_confirm_default_password_works" time="0.044" /></testsuite></testsuites>