<?xml version="1.0" encoding="utf-8"?><testsuites name="pytest tests"><testsuite name="pytest" errors="0" failures="0" skipped="0" tests="7" time="1.148" timestamp="2026-06-14T11:48:27.402603+00:00" hostname="agent-env-a413cc4a-0daf-47ed-8f9a-182cdf526377"><testcase classname="backend.tests.test_leads_api.TestRoot" name="test_root_alive" time="0.193" /><testcase classname="backend.tests.test_leads_api.TestCreateLead" name="test_create_lead_returns_full_lead" time="0.132" /><testcase classname="backend.tests.test_leads_api.TestCreateLead" name="test_create_lead_with_only_required" time="0.129" /><testcase classname="backend.tests.test_leads_api.TestCreateLead" name="test_create_lead_missing_required_returns_422" time="0.100" /><testcase classname="backend.tests.test_leads_api.TestListLeads" name="test_list_without_token_returns_empty" time="0.100" /><testcase classname="backend.tests.test_leads_api.TestListLeads" name="test_list_with_wrong_token_returns_empty" time="0.090" /><testcase classname="backend.tests.test_leads_api.TestListLeads" name="test_list_with_correct_token_returns_list" time="0.173" /></testsuite></testsuites>